<?xml version="1.0" encoding="UTF-8"?>
<testsuite name="tests.HelloWorld" time="22.537" tests="1" errors="0" skipped="0" failures="1">
  <properties>
[...]
</properties>
  <testcase name="helloTest" classname="tests.HelloWorld" time="22.537">
    <failure message="&apos;Testing Match Timeout2&apos; of &apos;Dynamic Loading&apos;. See details at https://eyes.applitools.com/app/batches/00000251893492502203/00000251893492501968?accountId=O3UYUgfbQkqbdMTEsNWSaw~~" type="com.applitools.eyes.exceptions.TestFailedException">com.applitools.eyes.exceptions.TestFailedException: 'Testing Match Timeout2' of 'Dynamic Loading'. See details at https://eyes.applitools.com/app/batches/00000251893492502203/00000251893492501968?accountId=O3UYUgfbQkqbdMTEsNWSaw~~
	at com.applitools.eyes.EyesBase.close(EyesBase.java:669)
	at com.applitools.eyes.EyesBase.close(EyesBase.java:610)
	at tests.HelloWorld.helloTest(HelloWorld.java:65)
</failure>
    <system-err>Starting ChromeDriver 2.32.498537 (cb2f855cbc7b82e20387eaf9a43f6b99b6105061) on port 4785
Only local connections are allowed.
Oct 23, 2017 6:24:54 PM org.openqa.selenium.remote.ProtocolHandshake createSession
INFO: Detected dialect: OSS
</system-err>
  </testcase>
</testsuite>