-------------------------------------------------------------------------------
Test set: tests.HelloWorld
-------------------------------------------------------------------------------
Tests run: 1, Failures: 1, Errors: 0, Skipped: 0, Time elapsed: 22.587 sec <<< FAILURE!
helloTest(tests.HelloWorld)  Time elapsed: 22.537 sec  <<< FAILURE!
com.applitools.eyes.exceptions.TestFailedException: 'Testing Match Timeout2' of 'Dynamic Loading'. See details at https://eyes.applitools.com/app/batches/00000251893492502203/00000251893492501968?accountId=O3UYUgfbQkqbdMTEsNWSaw~~
	at com.applitools.eyes.EyesBase.close(EyesBase.java:669)
	at com.applitools.eyes.EyesBase.close(EyesBase.java:610)
	at tests.HelloWorld.helloTest(HelloWorld.java:65)

